<?xml version="1.0" encoding="utf-8"?><testsuites name="pytest tests"><testsuite name="pytest" errors="0" failures="0" skipped="0" tests="9" time="1.789" timestamp="2026-04-19T05:53:01.180653+00:00" hostname="agent-env-599f7ed7-5d91-4141-bcaa-dd9646b262e1"><testcase classname="backend.tests.test_altura_api.TestRoot" name="test_root_returns_message" time="0.236" /><testcase classname="backend.tests.test_altura_api.TestLeadsPost" name="test_valid_lead_returns_200" time="0.153" /><testcase classname="backend.tests.test_altura_api.TestLeadsPost" name="test_invalid_phone_returns_422" time="0.142" /><testcase classname="backend.tests.test_altura_api.TestLeadsPost" name="test_short_name_returns_422" time="0.146" /><testcase classname="backend.tests.test_altura_api.TestLeadsPost" name="test_invalid_property_type" time="0.111" /><testcase classname="backend.tests.test_altura_api.TestLeadsPost" name="test_phone_normalization" time="0.252" /><testcase classname="backend.tests.test_altura_api.TestLeadsCount" name="test_count_increments" time="0.387" /><testcase classname="backend.tests.test_altura_api.TestStatus" name="test_post_status" time="0.115" /><testcase classname="backend.tests.test_altura_api.TestStatus" name="test_get_status" time="0.108" /></testsuite></testsuites>